  DisplayWindow.cpp
E:\BSUIR\c++\ParserPreviusVersion - Copy\ObjParser\DisplayWindow.cpp(70,91): warning C4305: 'argument': truncation from 'double' to 'float'
E:\BSUIR\c++\ParserPreviusVersion - Copy\ObjParser\DisplayWindow.cpp(107,20): warning C4244: 'initializing': conversion from 'float' to 'int', possible loss of data
E:\BSUIR\c++\ParserPreviusVersion - Copy\ObjParser\DisplayWindow.cpp(108,20): warning C4244: 'initializing': conversion from 'float' to 'int', possible loss of data
E:\BSUIR\c++\ParserPreviusVersion - Copy\ObjParser\DisplayWindow.cpp(111,20): warning C4244: 'initializing': conversion from 'float' to 'int', possible loss of data
E:\BSUIR\c++\ParserPreviusVersion - Copy\ObjParser\DisplayWindow.cpp(112,20): warning C4244: 'initializing': conversion from 'float' to 'int', possible loss of data
E:\BSUIR\c++\ParserPreviusVersion - Copy\ObjParser\DisplayWindow.cpp(115,20): warning C4244: 'initializing': conversion from 'float' to 'int', possible loss of data
E:\BSUIR\c++\ParserPreviusVersion - Copy\ObjParser\DisplayWindow.cpp(116,20): warning C4244: 'initializing': conversion from 'float' to 'int', possible loss of data
E:\BSUIR\c++\ParserPreviusVersion - Copy\ObjParser\DisplayWindow.cpp(304,73): warning C4244: 'argument': conversion from 'T' to 'T', possible loss of data
          with
          [
              T=unsigned int
          ]
          and
          [
              T=float
          ]
E:\BSUIR\c++\ParserPreviusVersion - Copy\ObjParser\DisplayWindow.cpp(304,62): warning C4244: 'argument': conversion from 'T' to 'T', possible loss of data
          with
          [
              T=unsigned int
          ]
          and
          [
              T=float
          ]
  Generating code
  1 of 674 functions ( 0.1%) were compiled, the rest were copied from previous compilation.
    0 functions were new in current compilation
    1 functions had inline decision re-evaluated but remain unchanged
  Finished generating code
  ObjParser.vcxproj -> E:\BSUIR\c++\ParserPreviusVersion - Copy\Release\ObjParser.exe
